2020-05-20 10:52:50 [scrapy.utils.log] INFO: Scrapy 2.1.0 started (bot: mySpider)
2020-05-20 10:52:50 [scrapy.utils.log] INFO: Versions: lxml 4.5.0.0, libxml2 2.9.10, cssselect 1.1.0, parsel 1.5.2, w3lib 1.21.0, Twisted 20.3.0, Python 3.8.0 (v3.8.0:fa919fdf25, Oct 14 2019, 10:23:27) - [Clang 6.0 (clang-600.0.57)], pyOpenSSL 19.1.0 (OpenSSL 1.1.1f  31 Mar 2020), cryptography 2.9, Platform macOS-10.15.3-x86_64-i386-64bit
2020-05-20 10:52:50 [scrapy.utils.log] DEBUG: Using reactor: twisted.internet.selectreactor.SelectReactor
2020-05-20 10:52:50 [scrapy.crawler] INFO: Overridden settings:
{'BOT_NAME': 'mySpider',
 'CONCURRENT_REQUESTS_PER_IP': 1,
 'DOWNLOAD_DELAY': 0.25,
 'LOG_FILE': 'logs/mySpider/stock/fc8b4ad09a4411eaaed3acde48001122.log',
 'NEWSPIDER_MODULE': 'mySpider.spiders',
 'SPIDER_MODULES': ['mySpider.spiders']}
2020-05-20 10:52:50 [scrapy.extensions.telnet] INFO: Telnet Password: 750ed54334d784e8
2020-05-20 10:52:50 [scrapy.middleware] INFO: Enabled extensions:
['scrapy.extensions.corestats.CoreStats',
 'scrapy.extensions.telnet.TelnetConsole',
 'scrapy.extensions.memusage.MemoryUsage',
 'scrapy.extensions.logstats.LogStats']
2020-05-20 10:52:50 [scrapy.middleware] INFO: Enabled downloader middlewares:
['scrapy.downloadermiddlewares.httpauth.HttpAuthMiddleware',
 'scrapy.downloadermiddlewares.downloadtimeout.DownloadTimeoutMiddleware',
 'scrapy.downloadermiddlewares.defaultheaders.DefaultHeadersMiddleware',
 'scrapy.downloadermiddlewares.useragent.UserAgentMiddleware',
 'scrapy.downloadermiddlewares.retry.RetryMiddleware',
 'scrapy.downloadermiddlewares.redirect.MetaRefreshMiddleware',
 'scrapy.downloadermiddlewares.httpcompression.HttpCompressionMiddleware',
 'scrapy.downloadermiddlewares.redirect.RedirectMiddleware',
 'scrapy.downloadermiddlewares.cookies.CookiesMiddleware',
 'scrapy.downloadermiddlewares.httpproxy.HttpProxyMiddleware',
 'scrapy.downloadermiddlewares.stats.DownloaderStats']
2020-05-20 10:52:50 [scrapy.middleware] INFO: Enabled spider middlewares:
['scrapy.spidermiddlewares.httperror.HttpErrorMiddleware',
 'scrapy.spidermiddlewares.offsite.OffsiteMiddleware',
 'scrapy.spidermiddlewares.referer.RefererMiddleware',
 'scrapy.spidermiddlewares.urllength.UrlLengthMiddleware',
 'scrapy.spidermiddlewares.depth.DepthMiddleware']
2020-05-20 10:52:50 [scrapy.middleware] INFO: Enabled item pipelines:
['mySpider.pipelines.MyspiderPipeline']
2020-05-20 10:52:50 [scrapy.core.engine] INFO: Spider opened
2020-05-20 10:52:50 [scrapy.extensions.logstats] INFO: Crawled 0 pages (at 0 pages/min), scraped 0 items (at 0 items/min)
2020-05-20 10:52:50 [scrapy.extensions.telnet] INFO: Telnet console listening on 127.0.0.1:6023
2020-05-20 10:53:11 [scrapy.downloadermiddlewares.retry] DEBUG: Retrying <GET http://quote.stockstar.com/stock/ranklist_a_3_1_1.html> (failed 1 times): [<twisted.python.failure.Failure twisted.internet.error.ConnectionLost: Connection to the other side was lost in a non-clean fashion.>]
2020-05-20 10:53:16 [scrapy.core.engine] DEBUG: Crawled (200) <GET http://quote.stockstar.com/stock/ranklist_a_3_1_1.html> (referer: None)
2020-05-20 10:53:16 [peewee] DEBUG: ('SELECT table_name FROM information_schema.tables WHERE table_schema = DATABASE() AND table_type != %s ORDER BY table_name', ('VIEW',))
2020-05-20 10:53:16 [peewee] DEBUG: ('SELECT table_name FROM information_schema.tables WHERE table_schema = DATABASE() AND table_type != %s ORDER BY table_name', ('VIEW',))
2020-05-20 10:53:16 [peewee] DEBUG: ('CREATE TABLE IF NOT EXISTS `stockstar` (`code` VARCHAR(100) NOT NULL PRIMARY KEY, `abbr` VARCHAR(100) NOT NULL, `traded_market_value` VARCHAR(100) NOT NULL, `total_value` VARCHAR(100) NOT NULL, `Flow_of_equity` VARCHAR(100) NOT NULL, `general_capital` VARCHAR(100) NOT NULL)', [])
2020-05-20 10:53:16 [peewee] DEBUG: ('INSERT INTO `stockstar` (`code`, `abbr`, `traded_market_value`, `total_value`, `Flow_of_equity`, `general_capital`) VALUES (%s, %s, %s, %s, %s, %s)', ['601398', '工商银行', '137502228.39', '181767191.12', '26961221.25', '35640625.71'])
2020-05-20 10:53:16 [scrapy.core.scraper] DEBUG: Scraped from <200 http://quote.stockstar.com/stock/ranklist_a_3_1_1.html>
{'Flow_of_equity': '26961221.25',
 'abbr': '工商银行',
 'code': '601398',
 'general_capital': '35640625.71',
 'total_value': '181767191.12',
 'traded_market_value': '137502228.39'}
2020-05-20 10:53:16 [peewee] DEBUG: ('SELECT table_name FROM information_schema.tables WHERE table_schema = DATABASE() AND table_type != %s ORDER BY table_name', ('VIEW',))
2020-05-20 10:53:16 [peewee] DEBUG: ('INSERT INTO `stockstar` (`code`, `abbr`, `traded_market_value`, `total_value`, `Flow_of_equity`, `general_capital`) VALUES (%s, %s, %s, %s, %s, %s)', ['600519', '贵州茅台', '169458570.82', '169458570.82', '125619.78', '125619.78'])
2020-05-20 10:53:16 [scrapy.core.scraper] DEBUG: Scraped from <200 http://quote.stockstar.com/stock/ranklist_a_3_1_1.html>
{'Flow_of_equity': '125619.78',
 'abbr': '贵州茅台',
 'code': '600519',
 'general_capital': '125619.78',
 'total_value': '169458570.82',
 'traded_market_value': '169458570.82'}
2020-05-20 10:53:16 [peewee] DEBUG: ('SELECT table_name FROM information_schema.tables WHERE table_schema = DATABASE() AND table_type != %s ORDER BY table_name', ('VIEW',))
2020-05-20 10:53:16 [peewee] DEBUG: ('INSERT INTO `stockstar` (`code`, `abbr`, `traded_market_value`, `total_value`, `Flow_of_equity`, `general_capital`) VALUES (%s, %s, %s, %s, %s, %s)', ['601939', '建设银行', '6130347.21', '159757014.61', '959365.76', '25001097.75'])
2020-05-20 10:53:16 [scrapy.core.scraper] DEBUG: Scraped from <200 http://quote.stockstar.com/stock/ranklist_a_3_1_1.html>
{'Flow_of_equity': '959365.76',
 'abbr': '建设银行',
 'code': '601939',
 'general_capital': '25001097.75',
 'total_value': '159757014.61',
 'traded_market_value': '6130347.21'}
2020-05-20 10:53:16 [peewee] DEBUG: ('SELECT table_name FROM information_schema.tables WHERE table_schema = DATABASE() AND table_type != %s ORDER BY table_name', ('VIEW',))
2020-05-20 10:53:16 [peewee] DEBUG: ('INSERT INTO `stockstar` (`code`, `abbr`, `traded_market_value`, `total_value`, `Flow_of_equity`, `general_capital`) VALUES (%s, %s, %s, %s, %s, %s)', ['601318', '中国平安', '78655976.92', '132732832.88', '1083266.45', '1828024.14'])
2020-05-20 10:53:16 [scrapy.core.scraper] DEBUG: Scraped from <200 http://quote.stockstar.com/stock/ranklist_a_3_1_1.html>
{'Flow_of_equity': '1083266.45',
 'abbr': '中国平安',
 'code': '601318',
 'general_capital': '1828024.14',
 'total_value': '132732832.88',
 'traded_market_value': '78655976.92'}
2020-05-20 10:53:16 [peewee] DEBUG: ('SELECT table_name FROM information_schema.tables WHERE table_schema = DATABASE() AND table_type != %s ORDER BY table_name', ('VIEW',))
2020-05-20 10:53:16 [peewee] DEBUG: ('INSERT INTO `stockstar` (`code`, `abbr`, `traded_market_value`, `total_value`, `Flow_of_equity`, `general_capital`) VALUES (%s, %s, %s, %s, %s, %s)', ['601288', '农业银行', '99978799.93', '118994231.52', '29405529.39', '34998303.39'])
2020-05-20 10:53:16 [scrapy.core.scraper] DEBUG: Scraped from <200 http://quote.stockstar.com/stock/ranklist_a_3_1_1.html>
{'Flow_of_equity': '29405529.39',
 'abbr': '农业银行',
 'code': '601288',
 'general_capital': '34998303.39',
 'total_value': '118994231.52',
 'traded_market_value': '99978799.93'}
2020-05-20 10:53:16 [peewee] DEBUG: ('SELECT table_name FROM information_schema.tables WHERE table_schema = DATABASE() AND table_type != %s ORDER BY table_name', ('VIEW',))
2020-05-20 10:53:16 [peewee] DEBUG: ('INSERT INTO `stockstar` (`code`, `abbr`, `traded_market_value`, `total_value`, `Flow_of_equity`, `general_capital`) VALUES (%s, %s, %s, %s, %s, %s)', ['601988', '中国银行', '72714102.62', '101563787.98', '21076551.48', '29438779.12'])
2020-05-20 10:53:16 [scrapy.core.scraper] DEBUG: Scraped from <200 http://quote.stockstar.com/stock/ranklist_a_3_1_1.html>
{'Flow_of_equity': '21076551.48',
 'abbr': '中国银行',
 'code': '601988',
 'general_capital': '29438779.12',
 'total_value': '101563787.98',
 'traded_market_value': '72714102.62'}
2020-05-20 10:53:16 [peewee] DEBUG: ('SELECT table_name FROM information_schema.tables WHERE table_schema = DATABASE() AND table_type != %s ORDER BY table_name', ('VIEW',))
2020-05-20 10:53:16 [peewee] DEBUG: ('INSERT INTO `stockstar` (`code`, `abbr`, `traded_market_value`, `total_value`, `Flow_of_equity`, `general_capital`) VALUES (%s, %s, %s, %s, %s, %s)', ['600036', '招商银行', '70509732.06', '86201432.26', '2062894.44', '2521984.56'])
2020-05-20 10:53:16 [scrapy.core.scraper] DEBUG: Scraped from <200 http://quote.stockstar.com/stock/ranklist_a_3_1_1.html>
{'Flow_of_equity': '2062894.44',
 'abbr': '招商银行',
 'code': '600036',
 'general_capital': '2521984.56',
 'total_value': '86201432.26',
 'traded_market_value': '70509732.06'}
2020-05-20 10:53:16 [peewee] DEBUG: ('SELECT table_name FROM information_schema.tables WHERE table_schema = DATABASE() AND table_type != %s ORDER BY table_name', ('VIEW',))
2020-05-20 10:53:16 [peewee] DEBUG: ('INSERT INTO `stockstar` (`code`, `abbr`, `traded_market_value`, `total_value`, `Flow_of_equity`, `general_capital`) VALUES (%s, %s, %s, %s, %s, %s)', ['601857', '中国石油', '71893402.55', '81261314.15', '16192207.78', '18302097.78'])
2020-05-20 10:53:16 [scrapy.core.scraper] DEBUG: Scraped from <200 http://quote.stockstar.com/stock/ranklist_a_3_1_1.html>
{'Flow_of_equity': '16192207.78',
 'abbr': '中国石油',
 'code': '601857',
 'general_capital': '18302097.78',
 'total_value': '81261314.15',
 'traded_market_value': '71893402.55'}
2020-05-20 10:53:16 [peewee] DEBUG: ('SELECT table_name FROM information_schema.tables WHERE table_schema = DATABASE() AND table_type != %s ORDER BY table_name', ('VIEW',))
2020-05-20 10:53:16 [peewee] DEBUG: ('INSERT INTO `stockstar` (`code`, `abbr`, `traded_market_value`, `total_value`, `Flow_of_equity`, `general_capital`) VALUES (%s, %s, %s, %s, %s, %s)', ['601628', '中国人寿', '56161060.41', '76229909.39', '2082353.00', '2826470.50'])
2020-05-20 10:53:16 [scrapy.core.scraper] DEBUG: Scraped from <200 http://quote.stockstar.com/stock/ranklist_a_3_1_1.html>
{'Flow_of_equity': '2082353.00',
 'abbr': '中国人寿',
 'code': '601628',
 'general_capital': '2826470.50',
 'total_value': '76229909.39',
 'traded_market_value': '56161060.41'}
2020-05-20 10:53:16 [peewee] DEBUG: ('SELECT table_name FROM information_schema.tables WHERE table_schema = DATABASE() AND table_type != %s ORDER BY table_name', ('VIEW',))
2020-05-20 10:53:16 [peewee] DEBUG: ('INSERT INTO `stockstar` (`code`, `abbr`, `traded_market_value`, `total_value`, `Flow_of_equity`, `general_capital`) VALUES (%s, %s, %s, %s, %s, %s)', ['000858', '五 粮 液', '57498141.70', '58798598.06', '379575.80', '388160.80'])
2020-05-20 10:53:16 [scrapy.core.scraper] DEBUG: Scraped from <200 http://quote.stockstar.com/stock/ranklist_a_3_1_1.html>
{'Flow_of_equity': '379575.80',
 'abbr': '五 粮 液',
 'code': '000858',
 'general_capital': '388160.80',
 'total_value': '58798598.06',
 'traded_market_value': '57498141.70'}
2020-05-20 10:53:16 [peewee] DEBUG: ('SELECT table_name FROM information_schema.tables WHERE table_schema = DATABASE() AND table_type != %s ORDER BY table_name', ('VIEW',))
2020-05-20 10:53:16 [peewee] DEBUG: ('INSERT INTO `stockstar` (`code`, `abbr`, `traded_market_value`, `total_value`, `Flow_of_equity`, `general_capital`) VALUES (%s, %s, %s, %s, %s, %s)', ['600028', '中国石化', '41758745.95', '52908118.62', '9555777.10', '12107120.96'])
2020-05-20 10:53:16 [scrapy.core.scraper] DEBUG: Scraped from <200 http://quote.stockstar.com/stock/ranklist_a_3_1_1.html>
{'Flow_of_equity': '9555777.10',
 'abbr': '中国石化',
 'code': '600028',
 'general_capital': '12107120.96',
 'total_value': '52908118.62',
 'traded_market_value': '41758745.95'}
2020-05-20 10:53:16 [peewee] DEBUG: ('SELECT table_name FROM information_schema.tables WHERE table_schema = DATABASE() AND table_type != %s ORDER BY table_name', ('VIEW',))
2020-05-20 10:53:16 [peewee] DEBUG: ('INSERT INTO `stockstar` (`code`, `abbr`, `traded_market_value`, `total_value`, `Flow_of_equity`, `general_capital`) VALUES (%s, %s, %s, %s, %s, %s)', ['601658', '邮储银行', '1510788.09', '43790991.01', '297399.23', '8620273.82'])
2020-05-20 10:53:16 [scrapy.core.scraper] DEBUG: Scraped from <200 http://quote.stockstar.com/stock/ranklist_a_3_1_1.html>
{'Flow_of_equity': '297399.23',
 'abbr': '邮储银行',
 'code': '601658',
 'general_capital': '8620273.82',
 'total_value': '43790991.01',
 'traded_market_value': '1510788.09'}
2020-05-20 10:53:16 [peewee] DEBUG: ('SELECT table_name FROM information_schema.tables WHERE table_schema = DATABASE() AND table_type != %s ORDER BY table_name', ('VIEW',))
2020-05-20 10:53:16 [peewee] DEBUG: ('INSERT INTO `stockstar` (`code`, `abbr`, `traded_market_value`, `total_value`, `Flow_of_equity`, `general_capital`) VALUES (%s, %s, %s, %s, %s, %s)', ['600276', '恒瑞医药', '43530965.71', '43621487.80', '441311.49', '442229.20'])
2020-05-20 10:53:16 [scrapy.core.scraper] DEBUG: Scraped from <200 http://quote.stockstar.com/stock/ranklist_a_3_1_1.html>
{'Flow_of_equity': '441311.49',
 'abbr': '恒瑞医药',
 'code': '600276',
 'general_capital': '442229.20',
 'total_value': '43621487.80',
 'traded_market_value': '43530965.71'}
2020-05-20 10:53:16 [peewee] DEBUG: ('SELECT table_name FROM information_schema.tables WHERE table_schema = DATABASE() AND table_type != %s ORDER BY table_name', ('VIEW',))
2020-05-20 10:53:16 [peewee] DEBUG: ('INSERT INTO `stockstar` (`code`, `abbr`, `traded_market_value`, `total_value`, `Flow_of_equity`, `general_capital`) VALUES (%s, %s, %s, %s, %s, %s)', ['000333', '美的集团', '40273731.90', '41221116.83', '682489.95', '698544.60'])
2020-05-20 10:53:16 [scrapy.core.scraper] DEBUG: Scraped from <200 http://quote.stockstar.com/stock/ranklist_a_3_1_1.html>
{'Flow_of_equity': '682489.95',
 'abbr': '美的集团',
 'code': '000333',
 'general_capital': '698544.60',
 'total_value': '41221116.83',
 'traded_market_value': '40273731.90'}
2020-05-20 10:53:16 [peewee] DEBUG: ('SELECT table_name FROM information_schema.tables WHERE table_schema = DATABASE() AND table_type != %s ORDER BY table_name', ('VIEW',))
2020-05-20 10:53:16 [peewee] DEBUG: ('INSERT INTO `stockstar` (`code`, `abbr`, `traded_market_value`, `total_value`, `Flow_of_equity`, `general_capital`) VALUES (%s, %s, %s, %s, %s, %s)', ['601328', '交通银行', '20174944.10', '38171041.50', '3925086.40', '7426272.66'])
2020-05-20 10:53:16 [scrapy.core.scraper] DEBUG: Scraped from <200 http://quote.stockstar.com/stock/ranklist_a_3_1_1.html>
{'Flow_of_equity': '3925086.40',
 'abbr': '交通银行',
 'code': '601328',
 'general_capital': '7426272.66',
 'total_value': '38171041.50',
 'traded_market_value': '20174944.10'}
2020-05-20 10:53:16 [peewee] DEBUG: ('SELECT table_name FROM information_schema.tables WHERE table_schema = DATABASE() AND table_type != %s ORDER BY table_name', ('VIEW',))
2020-05-20 10:53:16 [peewee] DEBUG: ('INSERT INTO `stockstar` (`code`, `abbr`, `traded_market_value`, `total_value`, `Flow_of_equity`, `general_capital`) VALUES (%s, %s, %s, %s, %s, %s)', ['600900', '长江电力', '37422000.00', '37422000.00', '2200000.00', '2200000.00'])
2020-05-20 10:53:16 [scrapy.core.scraper] DEBUG: Scraped from <200 http://quote.stockstar.com/stock/ranklist_a_3_1_1.html>
{'Flow_of_equity': '2200000.00',
 'abbr': '长江电力',
 'code': '600900',
 'general_capital': '2200000.00',
 'total_value': '37422000.00',
 'traded_market_value': '37422000.00'}
2020-05-20 10:53:16 [peewee] DEBUG: ('SELECT table_name FROM information_schema.tables WHERE table_schema = DATABASE() AND table_type != %s ORDER BY table_name', ('VIEW',))
2020-05-20 10:53:16 [peewee] DEBUG: ('INSERT INTO `stockstar` (`code`, `abbr`, `traded_market_value`, `total_value`, `Flow_of_equity`, `general_capital`) VALUES (%s, %s, %s, %s, %s, %s)', ['603288', '海天味业', '36937812.13', '36937812.13', '324044.32', '324044.32'])
2020-05-20 10:53:16 [scrapy.core.scraper] DEBUG: Scraped from <200 http://quote.stockstar.com/stock/ranklist_a_3_1_1.html>
{'Flow_of_equity': '324044.32',
 'abbr': '海天味业',
 'code': '603288',
 'general_capital': '324044.32',
 'total_value': '36937812.13',
 'traded_market_value': '36937812.13'}
2020-05-20 10:53:16 [peewee] DEBUG: ('SELECT table_name FROM information_schema.tables WHERE table_schema = DATABASE() AND table_type != %s ORDER BY table_name', ('VIEW',))
2020-05-20 10:53:16 [peewee] DEBUG: ('INSERT INTO `stockstar` (`code`, `abbr`, `traded_market_value`, `total_value`, `Flow_of_equity`, `general_capital`) VALUES (%s, %s, %s, %s, %s, %s)', ['000651', '格力电器', '34279345.25', '34542326.70', '596993.13', '601573.09'])
2020-05-20 10:53:16 [scrapy.core.scraper] DEBUG: Scraped from <200 http://quote.stockstar.com/stock/ranklist_a_3_1_1.html>
{'Flow_of_equity': '596993.13',
 'abbr': '格力电器',
 'code': '000651',
 'general_capital': '601573.09',
 'total_value': '34542326.70',
 'traded_market_value': '34279345.25'}
2020-05-20 10:53:16 [peewee] DEBUG: ('SELECT table_name FROM information_schema.tables WHERE table_schema = DATABASE() AND table_type != %s ORDER BY table_name', ('VIEW',))
2020-05-20 10:53:16 [peewee] DEBUG: ('INSERT INTO `stockstar` (`code`, `abbr`, `traded_market_value`, `total_value`, `Flow_of_equity`, `general_capital`) VALUES (%s, %s, %s, %s, %s, %s)', ['300750', '宁德时代', '18509055.16', '33989479.78', '120258.95', '220839.97'])
2020-05-20 10:53:16 [scrapy.core.scraper] DEBUG: Scraped from <200 http://quote.stockstar.com/stock/ranklist_a_3_1_1.html>
{'Flow_of_equity': '120258.95',
 'abbr': '宁德时代',
 'code': '300750',
 'general_capital': '220839.97',
 'total_value': '33989479.78',
 'traded_market_value': '18509055.16'}
2020-05-20 10:53:16 [peewee] DEBUG: ('SELECT table_name FROM information_schema.tables WHERE table_schema = DATABASE() AND table_type != %s ORDER BY table_name', ('VIEW',))
2020-05-20 10:53:16 [peewee] DEBUG: ('INSERT INTO `stockstar` (`code`, `abbr`, `traded_market_value`, `total_value`, `Flow_of_equity`, `general_capital`) VALUES (%s, %s, %s, %s, %s, %s)', ['601166', '兴业银行', '31482477.13', '33342576.16', '1961525.06', '2077419.08'])
2020-05-20 10:53:16 [scrapy.core.scraper] DEBUG: Scraped from <200 http://quote.stockstar.com/stock/ranklist_a_3_1_1.html>
{'Flow_of_equity': '1961525.06',
 'abbr': '兴业银行',
 'code': '601166',
 'general_capital': '2077419.08',
 'total_value': '33342576.16',
 'traded_market_value': '31482477.13'}
2020-05-20 10:53:16 [peewee] DEBUG: ('SELECT table_name FROM information_schema.tables WHERE table_schema = DATABASE() AND table_type != %s ORDER BY table_name', ('VIEW',))
2020-05-20 10:53:16 [peewee] DEBUG: ('INSERT INTO `stockstar` (`code`, `abbr`, `traded_market_value`, `total_value`, `Flow_of_equity`, `general_capital`) VALUES (%s, %s, %s, %s, %s, %s)', ['601088', '中国神华', '27061793.28', '32638867.17', '1649103.80', '1988962.05'])
2020-05-20 10:53:16 [scrapy.core.scraper] DEBUG: Scraped from <200 http://quote.stockstar.com/stock/ranklist_a_3_1_1.html>
{'Flow_of_equity': '1649103.80',
 'abbr': '中国神华',
 'code': '601088',
 'general_capital': '1988962.05',
 'total_value': '32638867.17',
 'traded_market_value': '27061793.28'}
2020-05-20 10:53:16 [peewee] DEBUG: ('SELECT table_name FROM information_schema.tables WHERE table_schema = DATABASE() AND table_type != %s ORDER BY table_name', ('VIEW',))
2020-05-20 10:53:16 [peewee] DEBUG: ('INSERT INTO `stockstar` (`code`, `abbr`, `traded_market_value`, `total_value`, `Flow_of_equity`, `general_capital`) VALUES (%s, %s, %s, %s, %s, %s)', ['300760', '迈瑞医疗', '13390274.90', '32613349.59', '49913.43', '121569.13'])
2020-05-20 10:53:16 [scrapy.core.scraper] DEBUG: Scraped from <200 http://quote.stockstar.com/stock/ranklist_a_3_1_1.html>
{'Flow_of_equity': '49913.43',
 'abbr': '迈瑞医疗',
 'code': '300760',
 'general_capital': '121569.13',
 'total_value': '32613349.59',
 'traded_market_value': '13390274.90'}
2020-05-20 10:53:16 [peewee] DEBUG: ('SELECT table_name FROM information_schema.tables WHERE table_schema = DATABASE() AND table_type != %s ORDER BY table_name', ('VIEW',))
2020-05-20 10:53:16 [peewee] DEBUG: ('INSERT INTO `stockstar` (`code`, `abbr`, `traded_market_value`, `total_value`, `Flow_of_equity`, `general_capital`) VALUES (%s, %s, %s, %s, %s, %s)', ['600585', '海螺水泥', '23358263.06', '30947927.06', '399970.26', '529930.26'])
2020-05-20 10:53:16 [scrapy.core.scraper] DEBUG: Scraped from <200 http://quote.stockstar.com/stock/ranklist_a_3_1_1.html>
{'Flow_of_equity': '399970.26',
 'abbr': '海螺水泥',
 'code': '600585',
 'general_capital': '529930.26',
 'total_value': '30947927.06',
 'traded_market_value': '23358263.06'}
2020-05-20 10:53:16 [peewee] DEBUG: ('SELECT table_name FROM information_schema.tables WHERE table_schema = DATABASE() AND table_type != %s ORDER BY table_name', ('VIEW',))
2020-05-20 10:53:16 [peewee] DEBUG: ('INSERT INTO `stockstar` (`code`, `abbr`, `traded_market_value`, `total_value`, `Flow_of_equity`, `general_capital`) VALUES (%s, %s, %s, %s, %s, %s)', ['601816', '京沪高铁', '1622423.00', '30593339.91', '260421.03', '4910648.46'])
2020-05-20 10:53:16 [scrapy.core.scraper] DEBUG: Scraped from <200 http://quote.stockstar.com/stock/ranklist_a_3_1_1.html>
{'Flow_of_equity': '260421.03',
 'abbr': '京沪高铁',
 'code': '601816',
 'general_capital': '4910648.46',
 'total_value': '30593339.91',
 'traded_market_value': '1622423.00'}
2020-05-20 10:53:16 [peewee] DEBUG: ('SELECT table_name FROM information_schema.tables WHERE table_schema = DATABASE() AND table_type != %s ORDER BY table_name', ('VIEW',))
2020-05-20 10:53:16 [peewee] DEBUG: ('INSERT INTO `stockstar` (`code`, `abbr`, `traded_market_value`, `total_value`, `Flow_of_equity`, `general_capital`) VALUES (%s, %s, %s, %s, %s, %s)', ['600000', '浦发银行', '29087395.64', '30379403.21', '2810376.39', '2935208.04'])
2020-05-20 10:53:16 [scrapy.core.scraper] DEBUG: Scraped from <200 http://quote.stockstar.com/stock/ranklist_a_3_1_1.html>
{'Flow_of_equity': '2810376.39',
 'abbr': '浦发银行',
 'code': '600000',
 'general_capital': '2935208.04',
 'total_value': '30379403.21',
 'traded_market_value': '29087395.64'}
2020-05-20 10:53:16 [peewee] DEBUG: ('SELECT table_name FROM information_schema.tables WHERE table_schema = DATABASE() AND table_type != %s ORDER BY table_name', ('VIEW',))
2020-05-20 10:53:16 [peewee] DEBUG: ('INSERT INTO `stockstar` (`code`, `abbr`, `traded_market_value`, `total_value`, `Flow_of_equity`, `general_capital`) VALUES (%s, %s, %s, %s, %s, %s)', ['600030', '中信证券', '22701312.51', '29899632.96', '981466.17', '1292677.60'])
2020-05-20 10:53:16 [scrapy.core.scraper] DEBUG: Scraped from <200 http://quote.stockstar.com/stock/ranklist_a_3_1_1.html>
{'Flow_of_equity': '981466.17',
 'abbr': '中信证券',
 'code': '600030',
 'general_capital': '1292677.60',
 'total_value': '29899632.96',
 'traded_market_value': '22701312.51'}
2020-05-20 10:53:16 [peewee] DEBUG: ('SELECT table_name FROM information_schema.tables WHERE table_schema = DATABASE() AND table_type != %s ORDER BY table_name', ('VIEW',))
2020-05-20 10:53:16 [peewee] DEBUG: ('INSERT INTO `stockstar` (`code`, `abbr`, `traded_market_value`, `total_value`, `Flow_of_equity`, `general_capital`) VALUES (%s, %s, %s, %s, %s, %s)', ['000002', '万 科Ａ', '24948556.67', '29023903.23', '971517.00', '1130214.30'])
2020-05-20 10:53:16 [scrapy.core.scraper] DEBUG: Scraped from <200 http://quote.stockstar.com/stock/ranklist_a_3_1_1.html>
{'Flow_of_equity': '971517.00',
 'abbr': '万 科Ａ',
 'code': '000002',
 'general_capital': '1130214.30',
 'total_value': '29023903.23',
 'traded_market_value': '24948556.67'}
2020-05-20 10:53:16 [peewee] DEBUG: ('SELECT table_name FROM information_schema.tables WHERE table_schema = DATABASE() AND table_type != %s ORDER BY table_name', ('VIEW',))
2020-05-20 10:53:16 [peewee] DEBUG: ('INSERT INTO `stockstar` (`code`, `abbr`, `traded_market_value`, `total_value`, `Flow_of_equity`, `general_capital`) VALUES (%s, %s, %s, %s, %s, %s)', ['002415', '海康威视', '24262726.78', '28025687.08', '809027.24', '934501.07'])
2020-05-20 10:53:16 [scrapy.core.scraper] DEBUG: Scraped from <200 http://quote.stockstar.com/stock/ranklist_a_3_1_1.html>
{'Flow_of_equity': '809027.24',
 'abbr': '海康威视',
 'code': '002415',
 'general_capital': '934501.07',
 'total_value': '28025687.08',
 'traded_market_value': '24262726.78'}
2020-05-20 10:53:16 [peewee] DEBUG: ('SELECT table_name FROM information_schema.tables WHERE table_schema = DATABASE() AND table_type != %s ORDER BY table_name', ('VIEW',))
2020-05-20 10:53:16 [peewee] DEBUG: ('INSERT INTO `stockstar` (`code`, `abbr`, `traded_market_value`, `total_value`, `Flow_of_equity`, `general_capital`) VALUES (%s, %s, %s, %s, %s, %s)', ['601319', '中国人保', '3512182.52', '27728442.10', '560156.70', '4422399.06'])
2020-05-20 10:53:16 [scrapy.core.scraper] DEBUG: Scraped from <200 http://quote.stockstar.com/stock/ranklist_a_3_1_1.html>
{'Flow_of_equity': '560156.70',
 'abbr': '中国人保',
 'code': '601319',
 'general_capital': '4422399.06',
 'total_value': '27728442.10',
 'traded_market_value': '3512182.52'}
2020-05-20 10:53:16 [peewee] DEBUG: ('SELECT table_name FROM information_schema.tables WHERE table_schema = DATABASE() AND table_type != %s ORDER BY table_name', ('VIEW',))
2020-05-20 10:53:16 [peewee] DEBUG: ('INSERT INTO `stockstar` (`code`, `abbr`, `traded_market_value`, `total_value`, `Flow_of_equity`, `general_capital`) VALUES (%s, %s, %s, %s, %s, %s)', ['601138', '工业富联', '2561467.93', '27657780.84', '183881.40', '1985483.19'])
2020-05-20 10:53:16 [scrapy.core.scraper] DEBUG: Scraped from <200 http://quote.stockstar.com/stock/ranklist_a_3_1_1.html>
{'Flow_of_equity': '183881.40',
 'abbr': '工业富联',
 'code': '601138',
 'general_capital': '1985483.19',
 'total_value': '27657780.84',
 'traded_market_value': '2561467.93'}
2020-05-20 10:53:21 [scrapy.core.engine] DEBUG: Crawled (200) <GET http://quote.stockstar.com/stock/ranklist_a_3_1_2.html> (referer: http://quote.stockstar.com/stock/ranklist_a_3_1_1.html)
2020-05-20 10:53:21 [peewee] DEBUG: ('SELECT table_name FROM information_schema.tables WHERE table_schema = DATABASE() AND table_type != %s ORDER BY table_name', ('VIEW',))
2020-05-20 10:53:21 [peewee] DEBUG: ('INSERT INTO `stockstar` (`code`, `abbr`, `traded_market_value`, `total_value`, `Flow_of_equity`, `general_capital`) VALUES (%s, %s, %s, %s, %s, %s)', ['601066', '中信建投', '2976043.76', '26326504.37', '86437.52', '764638.52'])
2020-05-20 10:53:21 [scrapy.core.scraper] DEBUG: Scraped from <200 http://quote.stockstar.com/stock/ranklist_a_3_1_2.html>
{'Flow_of_equity': '86437.52',
 'abbr': '中信建投',
 'code': '601066',
 'general_capital': '764638.52',
 'total_value': '26326504.37',
 'traded_market_value': '2976043.76'}
2020-05-20 10:53:21 [peewee] DEBUG: ('SELECT table_name FROM information_schema.tables WHERE table_schema = DATABASE() AND table_type != %s ORDER BY table_name', ('VIEW',))
2020-05-20 10:53:21 [peewee] DEBUG: ('INSERT INTO `stockstar` (`code`, `abbr`, `traded_market_value`, `total_value`, `Flow_of_equity`, `general_capital`) VALUES (%s, %s, %s, %s, %s, %s)', ['601601', '中国太保', '18237716.70', '26288862.00', '628670.00', '906200.00'])
2020-05-20 10:53:21 [scrapy.core.scraper] DEBUG: Scraped from <200 http://quote.stockstar.com/stock/ranklist_a_3_1_2.html>
{'Flow_of_equity': '628670.00',
 'abbr': '中国太保',
 'code': '601601',
 'general_capital': '906200.00',
 'total_value': '26288862.00',
 'traded_market_value': '18237716.70'}
2020-05-20 10:53:21 [peewee] DEBUG: ('SELECT table_name FROM information_schema.tables WHERE table_schema = DATABASE() AND table_type != %s ORDER BY table_name', ('VIEW',))
2020-05-20 10:53:21 [peewee] DEBUG: ('INSERT INTO `stockstar` (`code`, `abbr`, `traded_market_value`, `total_value`, `Flow_of_equity`, `general_capital`) VALUES (%s, %s, %s, %s, %s, %s)', ['000001', '平安银行', '25906679.83', '25906900.79', '1940575.27', '1940591.82'])
2020-05-20 10:53:21 [scrapy.core.scraper] DEBUG: Scraped from <200 http://quote.stockstar.com/stock/ranklist_a_3_1_2.html>
{'Flow_of_equity': '1940575.27',
 'abbr': '平安银行',
 'code': '000001',
 'general_capital': '1940591.82',
 'total_value': '25906900.79',
 'traded_market_value': '25906679.83'}
2020-05-20 10:53:21 [peewee] DEBUG: ('SELECT table_name FROM information_schema.tables WHERE table_schema = DATABASE() AND table_type != %s ORDER BY table_name', ('VIEW',))
2020-05-20 10:53:21 [peewee] DEBUG: ('INSERT INTO `stockstar` (`code`, `abbr`, `traded_market_value`, `total_value`, `Flow_of_equity`, `general_capital`) VALUES (%s, %s, %s, %s, %s, %s)', ['600016', '民生银行', '20497107.22', '25306237.89', '3546212.32', '4378241.85'])
2020-05-20 10:53:21 [scrapy.core.scraper] DEBUG: Scraped from <200 http://quote.stockstar.com/stock/ranklist_a_3_1_2.html>
{'Flow_of_equity': '3546212.32',
 'abbr': '民生银行',
 'code': '600016',
 'general_capital': '4378241.85',
 'total_value': '25306237.89',
 'traded_market_value': '20497107.22'}
2020-05-20 10:53:21 [peewee] DEBUG: ('SELECT table_name FROM information_schema.tables WHERE table_schema = DATABASE() AND table_type != %s ORDER BY table_name', ('VIEW',))
2020-05-20 10:53:21 [peewee] DEBUG: ('INSERT INTO `stockstar` (`code`, `abbr`, `traded_market_value`, `total_value`, `Flow_of_equity`, `general_capital`) VALUES (%s, %s, %s, %s, %s, %s)', ['002714', '牧原股份', '15809164.43', '25057578.19', '139091.72', '220460.83'])
2020-05-20 10:53:21 [scrapy.core.scraper] DEBUG: Scraped from <200 http://quote.stockstar.com/stock/ranklist_a_3_1_2.html>
{'Flow_of_equity': '139091.72',
 'abbr': '牧原股份',
 'code': '002714',
 'general_capital': '220460.83',
 'total_value': '25057578.19',
 'traded_market_value': '15809164.43'}
2020-05-20 10:53:21 [peewee] DEBUG: ('SELECT table_name FROM information_schema.tables WHERE table_schema = DATABASE() AND table_type != %s ORDER BY table_name', ('VIEW',))
2020-05-20 10:53:21 [peewee] DEBUG: ('INSERT INTO `stockstar` (`code`, `abbr`, `traded_market_value`, `total_value`, `Flow_of_equity`, `general_capital`) VALUES (%s, %s, %s, %s, %s, %s)', ['601998', '中信银行', '16239739.28', '24907822.23', '3190518.52', '4893481.77'])
2020-05-20 10:53:21 [scrapy.core.scraper] DEBUG: Scraped from <200 http://quote.stockstar.com/stock/ranklist_a_3_1_2.html>
{'Flow_of_equity': '3190518.52',
 'abbr': '中信银行',
 'code': '601998',
 'general_capital': '4893481.77',
 'total_value': '24907822.23',
 'traded_market_value': '16239739.28'}
2020-05-20 10:53:21 [peewee] DEBUG: ('SELECT table_name FROM information_schema.tables WHERE table_schema = DATABASE() AND table_type != %s ORDER BY table_name', ('VIEW',))
2020-05-20 10:53:21 [peewee] DEBUG: ('INSERT INTO `stockstar` (`code`, `abbr`, `traded_market_value`, `total_value`, `Flow_of_equity`, `general_capital`) VALUES (%s, %s, %s, %s, %s, %s)', ['002475', '立讯精密', '24877844.90', '24883406.12', '536391.65', '536511.56'])
2020-05-20 10:53:21 [scrapy.core.scraper] DEBUG: Scraped from <200 http://quote.stockstar.com/stock/ranklist_a_3_1_2.html>
{'Flow_of_equity': '536391.65',
 'abbr': '立讯精密',
 'code': '002475',
 'general_capital': '536511.56',
 'total_value': '24883406.12',
 'traded_market_value': '24877844.90'}
2020-05-20 10:53:21 [peewee] DEBUG: ('SELECT table_name FROM information_schema.tables WHERE table_schema = DATABASE() AND table_type != %s ORDER BY table_name', ('VIEW',))
2020-05-20 10:53:21 [peewee] DEBUG: ('INSERT INTO `stockstar` (`code`, `abbr`, `traded_market_value`, `total_value`, `Flow_of_equity`, `general_capital`) VALUES (%s, %s, %s, %s, %s, %s)', ['600104', '上汽集团', '21591036.60', '21591036.60', '1168346.14', '1168346.14'])
2020-05-20 10:53:21 [scrapy.core.scraper] DEBUG: Scraped from <200 http://quote.stockstar.com/stock/ranklist_a_3_1_2.html>
{'Flow_of_equity': '1168346.14',
 'abbr': '上汽集团',
 'code': '600104',
 'general_capital': '1168346.14',
 'total_value': '21591036.60',
 'traded_market_value': '21591036.60'}
2020-05-20 10:53:21 [peewee] DEBUG: ('SELECT table_name FROM information_schema.tables WHERE table_schema = DATABASE() AND table_type != %s ORDER BY table_name', ('VIEW',))
2020-05-20 10:53:21 [peewee] DEBUG: ('INSERT INTO `stockstar` (`code`, `abbr`, `traded_market_value`, `total_value`, `Flow_of_equity`, `general_capital`) VALUES (%s, %s, %s, %s, %s, %s)', ['601668', '中国建筑', '20998083.85', '21360221.40', '4125360.28', '4196507.15'])
2020-05-20 10:53:21 [scrapy.core.scraper] DEBUG: Scraped from <200 http://quote.stockstar.com/stock/ranklist_a_3_1_2.html>
{'Flow_of_equity': '4125360.28',
 'abbr': '中国建筑',
 'code': '601668',
 'general_capital': '4196507.15',
 'total_value': '21360221.40',
 'traded_market_value': '20998083.85'}
2020-05-20 10:53:21 [peewee] DEBUG: ('SELECT table_name FROM information_schema.tables WHERE table_schema = DATABASE() AND table_type != %s ORDER BY table_name', ('VIEW',))
2020-05-20 10:53:21 [peewee] DEBUG: ('INSERT INTO `stockstar` (`code`, `abbr`, `traded_market_value`, `total_value`, `Flow_of_equity`, `general_capital`) VALUES (%s, %s, %s, %s, %s, %s)', ['002352', '顺丰控股', '20120564.20', '20438259.56', '434569.42', '441431.09'])
2020-05-20 10:53:21 [scrapy.core.scraper] DEBUG: Scraped from <200 http://quote.stockstar.com/stock/ranklist_a_3_1_2.html>
{'Flow_of_equity': '434569.42',
 'abbr': '顺丰控股',
 'code': '002352',
 'general_capital': '441431.09',
 'total_value': '20438259.56',
 'traded_market_value': '20120564.20'}
2020-05-20 10:53:21 [peewee] DEBUG: ('SELECT table_name FROM information_schema.tables WHERE table_schema = DATABASE() AND table_type != %s ORDER BY table_name', ('VIEW',))
2020-05-20 10:53:21 [peewee] DEBUG: ('INSERT INTO `stockstar` (`code`, `abbr`, `traded_market_value`, `total_value`, `Flow_of_equity`, `general_capital`) VALUES (%s, %s, %s, %s, %s, %s)', ['601818', '光大银行', '14729920.67', '19421052.81', '3981059.64', '5248933.19'])
2020-05-20 10:53:21 [scrapy.core.scraper] DEBUG: Scraped from <200 http://quote.stockstar.com/stock/ranklist_a_3_1_2.html>
{'Flow_of_equity': '3981059.64',
 'abbr': '光大银行',
 'code': '601818',
 'general_capital': '5248933.19',
 'total_value': '19421052.81',
 'traded_market_value': '14729920.67'}
2020-05-20 10:53:21 [peewee] DEBUG: ('SELECT table_name FROM information_schema.tables WHERE table_schema = DATABASE() AND table_type != %s ORDER BY table_name', ('VIEW',))
2020-05-20 10:53:21 [peewee] DEBUG: ('INSERT INTO `stockstar` (`code`, `abbr`, `traded_market_value`, `total_value`, `Flow_of_equity`, `general_capital`) VALUES (%s, %s, %s, %s, %s, %s)', ['000063', '中兴通讯', '14037433.34', '18634708.52', '347203.40', '460912.90'])
2020-05-20 10:53:21 [scrapy.core.scraper] DEBUG: Scraped from <200 http://quote.stockstar.com/stock/ranklist_a_3_1_2.html>
{'Flow_of_equity': '347203.40',
 'abbr': '中兴通讯',
 'code': '000063',
 'general_capital': '460912.90',
 'total_value': '18634708.52',
 'traded_market_value': '14037433.34'}
2020-05-20 10:53:21 [peewee] DEBUG: ('SELECT table_name FROM information_schema.tables WHERE table_schema = DATABASE() AND table_type != %s ORDER BY table_name', ('VIEW',))
2020-05-20 10:53:21 [peewee] DEBUG: ('INSERT INTO `stockstar` (`code`, `abbr`, `traded_market_value`, `total_value`, `Flow_of_equity`, `general_capital`) VALUES (%s, %s, %s, %s, %s, %s)', ['600048', '保利地产', '18209262.30', '18209262.30', '1193267.52', '1193267.52'])
2020-05-20 10:53:21 [scrapy.core.scraper] DEBUG: Scraped from <200 http://quote.stockstar.com/stock/ranklist_a_3_1_2.html>
{'Flow_of_equity': '1193267.52',
 'abbr': '保利地产',
 'code': '600048',
 'general_capital': '1193267.52',
 'total_value': '18209262.30',
 'traded_market_value': '18209262.30'}
2020-05-20 10:53:21 [peewee] DEBUG: ('SELECT table_name FROM information_schema.tables WHERE table_schema = DATABASE() AND table_type != %s ORDER BY table_name', ('VIEW',))
2020-05-20 10:53:21 [peewee] DEBUG: ('INSERT INTO `stockstar` (`code`, `abbr`, `traded_market_value`, `total_value`, `Flow_of_equity`, `general_capital`) VALUES (%s, %s, %s, %s, %s, %s)', ['603259', '药明康德', '11126455.85', '18200367.75', '100938.55', '165112.65'])
2020-05-20 10:53:21 [scrapy.core.scraper] DEBUG: Scraped from <200 http://quote.stockstar.com/stock/ranklist_a_3_1_2.html>
{'Flow_of_equity': '100938.55',
 'abbr': '药明康德',
 'code': '603259',
 'general_capital': '165112.65',
 'total_value': '18200367.75',
 'traded_market_value': '11126455.85'}
2020-05-20 10:53:21 [peewee] DEBUG: ('SELECT table_name FROM information_schema.tables WHERE table_schema = DATABASE() AND table_type != %s ORDER BY table_name', ('VIEW',))
2020-05-20 10:53:21 [peewee] DEBUG: ('INSERT INTO `stockstar` (`code`, `abbr`, `traded_market_value`, `total_value`, `Flow_of_equity`, `general_capital`) VALUES (%s, %s, %s, %s, %s, %s)', ['600887', '伊利股份', '16981737.13', '17512215.29', '588213.96', '606588.68'])
2020-05-20 10:53:21 [scrapy.core.scraper] DEBUG: Scraped from <200 http://quote.stockstar.com/stock/ranklist_a_3_1_2.html>
{'Flow_of_equity': '588213.96',
 'abbr': '伊利股份',
 'code': '600887',
 'general_capital': '606588.68',
 'total_value': '17512215.29',
 'traded_market_value': '16981737.13'}
2020-05-20 10:53:21 [peewee] DEBUG: ('SELECT table_name FROM information_schema.tables WHERE table_schema = DATABASE() AND table_type != %s ORDER BY table_name', ('VIEW',))
2020-05-20 10:53:21 [peewee] DEBUG: ('INSERT INTO `stockstar` (`code`, `abbr`, `traded_market_value`, `total_value`, `Flow_of_equity`, `general_capital`) VALUES (%s, %s, %s, %s, %s, %s)', ['002607', '中公教育', '2324011.77', '17472242.47', '82033.60', '616739.94'])
2020-05-20 10:53:21 [scrapy.core.scraper] DEBUG: Scraped from <200 http://quote.stockstar.com/stock/ranklist_a_3_1_2.html>
{'Flow_of_equity': '82033.60',
 'abbr': '中公教育',
 'code': '002607',
 'general_capital': '616739.94',
 'total_value': '17472242.47',
 'traded_market_value': '2324011.77'}
2020-05-20 10:53:21 [peewee] DEBUG: ('SELECT table_name FROM information_schema.tables WHERE table_schema = DATABASE() AND table_type != %s ORDER BY table_name', ('VIEW',))
2020-05-20 10:53:21 [peewee] DEBUG: ('INSERT INTO `stockstar` (`code`, `abbr`, `traded_market_value`, `total_value`, `Flow_of_equity`, `general_capital`) VALUES (%s, %s, %s, %s, %s, %s)', ['601888', '中国国旅', '17445368.99', '17445368.99', '195247.55', '195247.55'])
2020-05-20 10:53:21 [scrapy.core.scraper] DEBUG: Scraped from <200 http://quote.stockstar.com/stock/ranklist_a_3_1_2.html>
{'Flow_of_equity': '195247.55',
 'abbr': '中国国旅',
 'code': '601888',
 'general_capital': '195247.55',
 'total_value': '17445368.99',
 'traded_market_value': '17445368.99'}
2020-05-20 10:53:21 [peewee] DEBUG: ('SELECT table_name FROM information_schema.tables WHERE table_schema = DATABASE() AND table_type != %s ORDER BY table_name', ('VIEW',))
2020-05-20 10:53:21 [peewee] DEBUG: ('INSERT INTO `stockstar` (`code`, `abbr`, `traded_market_value`, `total_value`, `Flow_of_equity`, `general_capital`) VALUES (%s, %s, %s, %s, %s, %s)', ['601766', '中国中车', '14742645.62', '17391511.64', '2432779.80', '2869886.41'])
2020-05-20 10:53:21 [scrapy.core.scraper] DEBUG: Scraped from <200 http://quote.stockstar.com/stock/ranklist_a_3_1_2.html>
{'Flow_of_equity': '2432779.80',
 'abbr': '中国中车',
 'code': '601766',
 'general_capital': '2869886.41',
 'total_value': '17391511.64',
 'traded_market_value': '14742645.62'}
2020-05-20 10:53:21 [peewee] DEBUG: ('SELECT table_name FROM information_schema.tables WHERE table_schema = DATABASE() AND table_type != %s ORDER BY table_name', ('VIEW',))
2020-05-20 10:53:21 [peewee] DEBUG: ('INSERT INTO `stockstar` (`code`, `abbr`, `traded_market_value`, `total_value`, `Flow_of_equity`, `general_capital`) VALUES (%s, %s, %s, %s, %s, %s)', ['603501', '韦尔股份', '3045480.44', '16818154.25', '15637.90', '86357.66'])
2020-05-20 10:53:21 [scrapy.core.scraper] DEBUG: Scraped from <200 http://quote.stockstar.com/stock/ranklist_a_3_1_2.html>
{'Flow_of_equity': '15637.90',
 'abbr': '韦尔股份',
 'code': '603501',
 'general_capital': '86357.66',
 'total_value': '16818154.25',
 'traded_market_value': '3045480.44'}
2020-05-20 10:53:21 [peewee] DEBUG: ('SELECT table_name FROM information_schema.tables WHERE table_schema = DATABASE() AND table_type != %s ORDER BY table_name', ('VIEW',))
2020-05-20 10:53:21 [peewee] DEBUG: ('INSERT INTO `stockstar` (`code`, `abbr`, `traded_market_value`, `total_value`, `Flow_of_equity`, `general_capital`) VALUES (%s, %s, %s, %s, %s, %s)', ['600031', '三一重工', '16523584.87', '16533644.68', '843040.04', '843553.30'])
2020-05-20 10:53:21 [scrapy.core.scraper] DEBUG: Scraped from <200 http://quote.stockstar.com/stock/ranklist_a_3_1_2.html>
{'Flow_of_equity': '843040.04',
 'abbr': '三一重工',
 'code': '600031',
 'general_capital': '843553.30',
 'total_value': '16533644.68',
 'traded_market_value': '16523584.87'}
2020-05-20 10:53:21 [peewee] DEBUG: ('SELECT table_name FROM information_schema.tables WHERE table_schema = DATABASE() AND table_type != %s ORDER BY table_name', ('VIEW',))
2020-05-20 10:53:21 [peewee] DEBUG: ('INSERT INTO `stockstar` (`code`, `abbr`, `traded_market_value`, `total_value`, `Flow_of_equity`, `general_capital`) VALUES (%s, %s, %s, %s, %s, %s)', ['002594', '比亚迪', '6816649.02', '16289740.99', '114162.60', '272814.29'])
2020-05-20 10:53:21 [scrapy.core.scraper] DEBUG: Scraped from <200 http://quote.stockstar.com/stock/ranklist_a_3_1_2.html>
{'Flow_of_equity': '114162.60',
 'abbr': '比亚迪',
 'code': '002594',
 'general_capital': '272814.29',
 'total_value': '16289740.99',
 'traded_market_value': '6816649.02'}
2020-05-20 10:53:21 [peewee] DEBUG: ('SELECT table_name FROM information_schema.tables WHERE table_schema = DATABASE() AND table_type != %s ORDER BY table_name', ('VIEW',))
2020-05-20 10:53:21 [peewee] DEBUG: ('INSERT INTO `stockstar` (`code`, `abbr`, `traded_market_value`, `total_value`, `Flow_of_equity`, `general_capital`) VALUES (%s, %s, %s, %s, %s, %s)', ['601688', '华泰证券', '12993529.23', '16029363.90', '735760.43', '907665.00'])
2020-05-20 10:53:21 [scrapy.core.scraper] DEBUG: Scraped from <200 http://quote.stockstar.com/stock/ranklist_a_3_1_2.html>
{'Flow_of_equity': '735760.43',
 'abbr': '华泰证券',
 'code': '601688',
 'general_capital': '907665.00',
 'total_value': '16029363.90',
 'traded_market_value': '12993529.23'}
2020-05-20 10:53:21 [peewee] DEBUG: ('SELECT table_name FROM information_schema.tables WHERE table_schema = DATABASE() AND table_type != %s ORDER BY table_name', ('VIEW',))
2020-05-20 10:53:21 [peewee] DEBUG: ('INSERT INTO `stockstar` (`code`, `abbr`, `traded_market_value`, `total_value`, `Flow_of_equity`, `general_capital`) VALUES (%s, %s, %s, %s, %s, %s)', ['600050', '中国联通', '11007954.33', '15885059.94', '2149991.08', '3102550.77'])
2020-05-20 10:53:21 [scrapy.core.scraper] DEBUG: Scraped from <200 http://quote.stockstar.com/stock/ranklist_a_3_1_2.html>
{'Flow_of_equity': '2149991.08',
 'abbr': '中国联通',
 'code': '600050',
 'general_capital': '3102550.77',
 'total_value': '15885059.94',
 'traded_market_value': '11007954.33'}
2020-05-20 10:53:21 [peewee] DEBUG: ('SELECT table_name FROM information_schema.tables WHERE table_schema = DATABASE() AND table_type != %s ORDER BY table_name', ('VIEW',))
2020-05-20 10:53:21 [peewee] DEBUG: ('INSERT INTO `stockstar` (`code`, `abbr`, `traded_market_value`, `total_value`, `Flow_of_equity`, `general_capital`) VALUES (%s, %s, %s, %s, %s, %s)', ['002304', '洋河股份', '12909039.44', '15576227.97', '124893.96', '150698.80'])
2020-05-20 10:53:21 [scrapy.core.scraper] DEBUG: Scraped from <200 http://quote.stockstar.com/stock/ranklist_a_3_1_2.html>
{'Flow_of_equity': '124893.96',
 'abbr': '洋河股份',
 'code': '002304',
 'general_capital': '150698.80',
 'total_value': '15576227.97',
 'traded_market_value': '12909039.44'}
2020-05-20 10:53:21 [peewee] DEBUG: ('SELECT table_name FROM information_schema.tables WHERE table_schema = DATABASE() AND table_type != %s ORDER BY table_name', ('VIEW',))
2020-05-20 10:53:21 [peewee] DEBUG: ('INSERT INTO `stockstar` (`code`, `abbr`, `traded_market_value`, `total_value`, `Flow_of_equity`, `general_capital`) VALUES (%s, %s, %s, %s, %s, %s)', ['600309', '万华化学', '6789894.37', '14973451.66', '142375.64', '313974.66'])
2020-05-20 10:53:21 [scrapy.core.scraper] DEBUG: Scraped from <200 http://quote.stockstar.com/stock/ranklist_a_3_1_2.html>
{'Flow_of_equity': '142375.64',
 'abbr': '万华化学',
 'code': '600309',
 'general_capital': '313974.66',
 'total_value': '14973451.66',
 'traded_market_value': '6789894.37'}
2020-05-20 10:53:21 [peewee] DEBUG: ('SELECT table_name FROM information_schema.tables WHERE table_schema = DATABASE() AND table_type != %s ORDER BY table_name', ('VIEW',))
2020-05-20 10:53:21 [peewee] DEBUG: ('INSERT INTO `stockstar` (`code`, `abbr`, `traded_market_value`, `total_value`, `Flow_of_equity`, `general_capital`) VALUES (%s, %s, %s, %s, %s, %s)', ['300015', '爱尔眼科', '12142273.46', '14953134.79', '251549.07', '309781.12'])
2020-05-20 10:53:21 [scrapy.core.scraper] DEBUG: Scraped from <200 http://quote.stockstar.com/stock/ranklist_a_3_1_2.html>
{'Flow_of_equity': '251549.07',
 'abbr': '爱尔眼科',
 'code': '300015',
 'general_capital': '309781.12',
 'total_value': '14953134.79',
 'traded_market_value': '12142273.46'}
2020-05-20 10:53:21 [peewee] DEBUG: ('SELECT table_name FROM information_schema.tables WHERE table_schema = DATABASE() AND table_type != %s ORDER BY table_name', ('VIEW',))
2020-05-20 10:53:21 [peewee] DEBUG: ('INSERT INTO `stockstar` (`code`, `abbr`, `traded_market_value`, `total_value`, `Flow_of_equity`, `general_capital`) VALUES (%s, %s, %s, %s, %s, %s)', ['300498', '温氏股份', '11318943.12', '14951899.37', '402093.89', '531150.95'])
2020-05-20 10:53:21 [scrapy.core.scraper] DEBUG: Scraped from <200 http://quote.stockstar.com/stock/ranklist_a_3_1_2.html>
{'Flow_of_equity': '402093.89',
 'abbr': '温氏股份',
 'code': '300498',
 'general_capital': '531150.95',
 'total_value': '14951899.37',
 'traded_market_value': '11318943.12'}
2020-05-20 10:53:21 [peewee] DEBUG: ('SELECT table_name FROM information_schema.tables WHERE table_schema = DATABASE() AND table_type != %s ORDER BY table_name', ('VIEW',))
2020-05-20 10:53:21 [peewee] DEBUG: ('INSERT INTO `stockstar` (`code`, `abbr`, `traded_market_value`, `total_value`, `Flow_of_equity`, `general_capital`) VALUES (%s, %s, %s, %s, %s, %s)', ['003816', '中国广核', '719605.36', '14392104.16', '252493.11', '5049861.11'])
2020-05-20 10:53:21 [scrapy.core.scraper] DEBUG: Scraped from <200 http://quote.stockstar.com/stock/ranklist_a_3_1_2.html>
{'Flow_of_equity': '252493.11',
 'abbr': '中国广核',
 'code': '003816',
 'general_capital': '5049861.11',
 'total_value': '14392104.16',
 'traded_market_value': '719605.36'}
2020-05-20 10:53:21 [peewee] DEBUG: ('SELECT table_name FROM information_schema.tables WHERE table_schema = DATABASE() AND table_type != %s ORDER BY table_name', ('VIEW',))
2020-05-20 10:53:21 [peewee] DEBUG: ('INSERT INTO `stockstar` (`code`, `abbr`, `traded_market_value`, `total_value`, `Flow_of_equity`, `general_capital`) VALUES (%s, %s, %s, %s, %s, %s)', ['601211', '国泰君安', '12115987.60', '14359613.01', '751612.13', '890794.85'])
2020-05-20 10:53:21 [scrapy.core.scraper] DEBUG: Scraped from <200 http://quote.stockstar.com/stock/ranklist_a_3_1_2.html>
{'Flow_of_equity': '751612.13',
 'abbr': '国泰君安',
 'code': '601211',
 'general_capital': '890794.85',
 'total_value': '14359613.01',
 'traded_market_value': '12115987.60'}
2020-05-20 10:53:21 [peewee] DEBUG: ('SELECT table_name FROM information_schema.tables WHERE table_schema = DATABASE() AND table_type != %s ORDER BY table_name', ('VIEW',))
2020-05-20 10:53:21 [peewee] DEBUG: ('INSERT INTO `stockstar` (`code`, `abbr`, `traded_market_value`, `total_value`, `Flow_of_equity`, `general_capital`) VALUES (%s, %s, %s, %s, %s, %s)', ['600837', '海通证券', '10050426.93', '14285111.40', '809213.12', '1150170.00'])
2020-05-20 10:53:21 [scrapy.core.scraper] DEBUG: Scraped from <200 http://quote.stockstar.com/stock/ranklist_a_3_1_2.html>
{'Flow_of_equity': '809213.12',
 'abbr': '海通证券',
 'code': '600837',
 'general_capital': '1150170.00',
 'total_value': '14285111.40',
 'traded_market_value': '10050426.93'}
2020-05-20 10:53:50 [scrapy.extensions.logstats] INFO: Crawled 2 pages (at 2 pages/min), scraped 60 items (at 60 items/min)
2020-05-20 10:54:03 [scrapy.downloadermiddlewares.retry] DEBUG: Retrying <GET http://quote.stockstar.com/stock/ranklist_a_3_1_3.html> (failed 1 times): [<twisted.python.failure.Failure twisted.internet.error.ConnectionLost: Connection to the other side was lost in a non-clean fashion.>]
2020-05-20 10:54:24 [scrapy.downloadermiddlewares.retry] DEBUG: Retrying <GET http://quote.stockstar.com/stock/ranklist_a_3_1_3.html> (failed 2 times): [<twisted.python.failure.Failure twisted.internet.error.ConnectionLost: Connection to the other side was lost in a non-clean fashion.>]
2020-05-20 10:54:45 [scrapy.downloadermiddlewares.retry] ERROR: Gave up retrying <GET http://quote.stockstar.com/stock/ranklist_a_3_1_3.html> (failed 3 times): [<twisted.python.failure.Failure twisted.internet.error.ConnectionLost: Connection to the other side was lost in a non-clean fashion.>]
2020-05-20 10:54:46 [scrapy.core.scraper] ERROR: Error downloading <GET http://quote.stockstar.com/stock/ranklist_a_3_1_3.html>
Traceback (most recent call last):
  File "/Library/Frameworks/Python.framework/Versions/3.8/lib/python3.8/site-packages/scrapy/core/downloader/middleware.py", line 44, in process_request
    return (yield download_func(request=request, spider=spider))
twisted.web._newclient.ResponseNeverReceived: [<twisted.python.failure.Failure twisted.internet.error.ConnectionLost: Connection to the other side was lost in a non-clean fashion.>]
2020-05-20 10:54:46 [scrapy.core.engine] INFO: Closing spider (finished)
2020-05-20 10:54:46 [scrapy.statscollectors] INFO: Dumping Scrapy stats:
{'downloader/exception_count': 4,
 'downloader/exception_type_count/twisted.web._newclient.ResponseNeverReceived': 4,
 'downloader/request_bytes': 1944,
 'downloader/request_count': 6,
 'downloader/request_method_count/GET': 6,
 'downloader/response_bytes': 20172,
 'downloader/response_count': 2,
 'downloader/response_status_count/200': 2,
 'elapsed_time_seconds': 115.703217,
 'finish_reason': 'finished',
 'finish_time': datetime.datetime(2020, 5, 20, 2, 54, 46, 142003),
 'item_scraped_count': 60,
 'log_count/DEBUG': 187,
 'log_count/ERROR': 2,
 'log_count/INFO': 11,
 'memusage/max': 59457536,
 'memusage/startup': 55865344,
 'request_depth_max': 2,
 'response_received_count': 2,
 'retry/count': 3,
 'retry/max_reached': 1,
 'retry/reason_count/twisted.web._newclient.ResponseNeverReceived': 3,
 'scheduler/dequeued': 6,
 'scheduler/dequeued/memory': 6,
 'scheduler/enqueued': 6,
 'scheduler/enqueued/memory': 6,
 'start_time': datetime.datetime(2020, 5, 20, 2, 52, 50, 438786)}
2020-05-20 10:54:46 [scrapy.core.engine] INFO: Spider closed (finished)
